android/app/build/intermediates/manifest_merge_blame_file/debug/manifest-merger-blame-debug-report.txt
1<?xml version="1.0" encoding="utf-8"?>
2<manifest xmlns:android="http://schemas.android.com/apk/res/android"
3    package="com.jitsimeet"
4    android:versionCode="1"
5    android:versionName="1.0" >
6
7    <uses-sdk
8        android:minSdkVersion="21"
9        android:targetSdkVersion="29" />
10
11    <uses-permission android:name="android.permission.SYSTEM_ALERT_WINDOW" />
11-->src/debug/AndroidManifest.xml:5:5-77
11-->src/debug/AndroidManifest.xml:5:22-75
12    <uses-permission android:name="android.permission.INTERNET" />
12-->src/main/AndroidManifest.xml:4:5-67
12-->src/main/AndroidManifest.xml:4:22-64
13    <uses-permission android:name="android.permission.CAMERA" />
13-->src/main/AndroidManifest.xml:5:5-65
13-->src/main/AndroidManifest.xml:5:22-62
14
15    <uses-feature android:name="android.hardware.camera" />
15-->src/main/AndroidManifest.xml:6:5-60
15-->src/main/AndroidManifest.xml:6:19-57
16    <uses-feature android:name="android.hardware.camera.autofocus" />
16-->src/main/AndroidManifest.xml:7:5-69
16-->src/main/AndroidManifest.xml:7:19-67
17
18    <uses-permission android:name="android.permission.ACCESS_NETWORK_STATE" />
18-->src/main/AndroidManifest.xml:9:5-78
18-->src/main/AndroidManifest.xml:9:22-76
19    <uses-permission android:name="android.permission.MODIFY_AUDIO_SETTINGS" />
19-->src/main/AndroidManifest.xml:10:5-80
19-->src/main/AndroidManifest.xml:10:22-77
20    <uses-permission android:name="android.permission.RECORD_AUDIO" />
20-->src/main/AndroidManifest.xml:11:5-71
20-->src/main/AndroidManifest.xml:11:22-68
21    <uses-permission android:name="android.permission.WAKE_LOCK" />
21-->src/main/AndroidManifest.xml:12:5-68
21-->src/main/AndroidManifest.xml:12:22-65
22    <uses-permission android:name="android.permission.WRITE_EXTERNAL_STORAGE" />
22-->src/main/AndroidManifest.xml:13:5-80
22-->src/main/AndroidManifest.xml:13:22-78
23
24    <permission
25        android:name="com.jitsimeet.permission.JITSI_BROADCAST"
26        android:label="Jitsi Meet Event Broadcast"
27        android:protectionLevel="normal" />
28
29    <uses-permission android:name="com.jitsimeet.permission.JITSI_BROADCAST" />
30    <uses-permission android:name="android.permission.ACCESS_WIFI_STATE" />
30-->[com.facebook.flipper:flipper:0.54.0] AndroidManifest.xml:16:5-76
30-->[com.facebook.flipper:flipper:0.54.0] AndroidManifest.xml:16:22-73
31    <uses-permission android:name="android.permission.BLUETOOTH" />
31-->[org.jitsi.react:jitsi-meet-sdk:2.4.0] AndroidManifest.xml:10:5-68
31-->[org.jitsi.react:jitsi-meet-sdk:2.4.0] AndroidManifest.xml:10:22-65
32    <uses-permission android:name="android.permission.MANAGE_OWN_CALLS" />
32-->[org.jitsi.react:jitsi-meet-sdk:2.4.0] AndroidManifest.xml:13:5-75
32-->[org.jitsi.react:jitsi-meet-sdk:2.4.0] AndroidManifest.xml:13:22-72
33    <uses-permission android:name="android.permission.FOREGROUND_SERVICE" />
33-->[org.jitsi.react:jitsi-meet-sdk:2.4.0] AndroidManifest.xml:19:5-77
33-->[org.jitsi.react:jitsi-meet-sdk:2.4.0] AndroidManifest.xml:19:22-74
34
35    <uses-feature
35-->[org.jitsi.react:jitsi-meet-sdk:2.4.0] AndroidManifest.xml:21:5-23:35
36        android:glEsVersion="0x00020000"
36-->[org.jitsi.react:jitsi-meet-sdk:2.4.0] AndroidManifest.xml:22:9-41
37        android:required="true" />
37-->[org.jitsi.react:jitsi-meet-sdk:2.4.0] AndroidManifest.xml:23:9-32
38
39    <uses-permission android:name="android.permission.WRITE_CALENDAR" />
39-->[com.facebook.react:react-native-calendar-events:1.7.3-jitsi-2535222] AndroidManifest.xml:11:5-73
39-->[com.facebook.react:react-native-calendar-events:1.7.3-jitsi-2535222] AndroidManifest.xml:11:22-70
40    <uses-permission android:name="android.permission.READ_CALENDAR" />
40-->[com.facebook.react:react-native-calendar-events:1.7.3-jitsi-2535222] AndroidManifest.xml:12:5-72
40-->[com.facebook.react:react-native-calendar-events:1.7.3-jitsi-2535222] AndroidManifest.xml:12:22-69
41
42    <application
42-->src/main/AndroidManifest.xml:18:5-38:19
43        android:name="com.jitsimeet.MainApplication"
43-->src/main/AndroidManifest.xml:19:7-38
44        android:allowBackup="true"
44-->src/main/AndroidManifest.xml:23:7-33
45        android:appComponentFactory="androidx.core.app.CoreComponentFactory"
45-->[androidx.core:core:1.1.0] AndroidManifest.xml:24:18-86
46        android:debuggable="true"
47        android:icon="@mipmap/ic_launcher"
47-->src/main/AndroidManifest.xml:21:7-41
48        android:label="@string/app_name"
48-->src/main/AndroidManifest.xml:20:7-39
49        android:roundIcon="@mipmap/ic_launcher_round"
49-->src/main/AndroidManifest.xml:22:7-52
50        android:supportsRtl="true"
50-->[org.jitsi.react:jitsi-meet-sdk:2.4.0] AndroidManifest.xml:34:9-35
51        android:theme="@style/AppTheme"
51-->src/main/AndroidManifest.xml:24:7-38
52        android:usesCleartextTraffic="true" >
52-->src/debug/AndroidManifest.xml:7:18-53
53        <activity
53-->src/main/AndroidManifest.xml:25:7-35:18
54            android:name="com.jitsimeet.MainActivity"
54-->src/main/AndroidManifest.xml:26:9-37
55            android:configChanges="keyboard|keyboardHidden|orientation|screenSize|uiMode"
55-->src/main/AndroidManifest.xml:28:9-86
56            android:label="@string/app_name"
56-->src/main/AndroidManifest.xml:27:9-41
57            android:launchMode="singleTask"
57-->src/main/AndroidManifest.xml:29:9-40
58            android:windowSoftInputMode="adjustResize" >
58-->src/main/AndroidManifest.xml:30:9-51
59            <intent-filter>
59-->src/main/AndroidManifest.xml:31:9-34:25
60                <action android:name="android.intent.action.MAIN" />
60-->src/main/AndroidManifest.xml:32:13-65
60-->src/main/AndroidManifest.xml:32:21-62
61
62                <category android:name="android.intent.category.LAUNCHER" />
62-->src/main/AndroidManifest.xml:33:13-73
62-->src/main/AndroidManifest.xml:33:23-70
63            </intent-filter>
64        </activity>
65        <activity android:name="com.facebook.react.devsupport.DevSettingsActivity" />
65-->src/main/AndroidManifest.xml:36:7-84
65-->src/main/AndroidManifest.xml:36:17-81
66        <activity android:name="com.reactnativejitsimeet.JitsiMeetNavigatorActivity" />
66-->src/main/AndroidManifest.xml:37:7-86
66-->src/main/AndroidManifest.xml:37:17-83
67        <activity
67-->[org.jitsi.react:jitsi-meet-sdk:2.4.0] AndroidManifest.xml:35:9-42:20
68            android:name="org.jitsi.meet.sdk.JitsiMeetActivity"
68-->[org.jitsi.react:jitsi-meet-sdk:2.4.0] AndroidManifest.xml:36:13-64
69            android:configChanges="keyboard|keyboardHidden|orientation|screenLayout|screenSize|smallestScreenSize"
69-->[org.jitsi.react:jitsi-meet-sdk:2.4.0] AndroidManifest.xml:37:13-115
70            android:launchMode="singleTask"
70-->[org.jitsi.react:jitsi-meet-sdk:2.4.0] AndroidManifest.xml:38:13-44
71            android:resizeableActivity="true"
71-->[org.jitsi.react:jitsi-meet-sdk:2.4.0] AndroidManifest.xml:39:13-46
72            android:supportsPictureInPicture="true"
72-->[org.jitsi.react:jitsi-meet-sdk:2.4.0] AndroidManifest.xml:40:13-52
73            android:windowSoftInputMode="adjustResize" >
73-->[org.jitsi.react:jitsi-meet-sdk:2.4.0] AndroidManifest.xml:41:13-55
74        </activity>
75
76        <service
76-->[org.jitsi.react:jitsi-meet-sdk:2.4.0] AndroidManifest.xml:45:9-51:19
77            android:name="org.jitsi.meet.sdk.ConnectionService"
77-->[org.jitsi.react:jitsi-meet-sdk:2.4.0] AndroidManifest.xml:46:13-64
78            android:permission="android.permission.BIND_TELECOM_CONNECTION_SERVICE" >
78-->[org.jitsi.react:jitsi-meet-sdk:2.4.0] AndroidManifest.xml:47:13-84
79            <intent-filter>
79-->[org.jitsi.react:jitsi-meet-sdk:2.4.0] AndroidManifest.xml:48:13-50:29
80                <action android:name="android.telecom.ConnectionService" />
80-->[org.jitsi.react:jitsi-meet-sdk:2.4.0] AndroidManifest.xml:49:17-76
80-->[org.jitsi.react:jitsi-meet-sdk:2.4.0] AndroidManifest.xml:49:25-73
81            </intent-filter>
82        </service>
83        <service android:name="org.jitsi.meet.sdk.JitsiMeetOngoingConferenceService" />
83-->[org.jitsi.react:jitsi-meet-sdk:2.4.0] AndroidManifest.xml:52:9-88
83-->[org.jitsi.react:jitsi-meet-sdk:2.4.0] AndroidManifest.xml:52:18-85
84
85        <provider
85-->[com.facebook.react:react-native-webview:7.4.1-jitsi-2535222] AndroidManifest.xml:12:9-20:20
86            android:name="com.reactnativecommunity.webview.RNCWebViewFileProvider"
86-->[com.facebook.react:react-native-webview:7.4.1-jitsi-2535222] AndroidManifest.xml:13:13-83
87            android:authorities="com.jitsimeet.fileprovider"
87-->[com.facebook.react:react-native-webview:7.4.1-jitsi-2535222] AndroidManifest.xml:14:13-64
88            android:exported="false"
88-->[com.facebook.react:react-native-webview:7.4.1-jitsi-2535222] AndroidManifest.xml:15:13-37
89            android:grantUriPermissions="true" >
89-->[com.facebook.react:react-native-webview:7.4.1-jitsi-2535222] AndroidManifest.xml:16:13-47
90            <meta-data
90-->[com.facebook.react:react-native-webview:7.4.1-jitsi-2535222] AndroidManifest.xml:17:13-19:63
91                android:name="android.support.FILE_PROVIDER_PATHS"
91-->[com.facebook.react:react-native-webview:7.4.1-jitsi-2535222] AndroidManifest.xml:18:17-67
92                android:resource="@xml/file_provider_paths" />
92-->[com.facebook.react:react-native-webview:7.4.1-jitsi-2535222] AndroidManifest.xml:19:17-60
93        </provider>
94
95        <activity
95-->[com.google.android.gms:play-services-auth:17.0.0] AndroidManifest.xml:23:9-27:75
96            android:name="com.google.android.gms.auth.api.signin.internal.SignInHubActivity"
96-->[com.google.android.gms:play-services-auth:17.0.0] AndroidManifest.xml:24:13-93
97            android:excludeFromRecents="true"
97-->[com.google.android.gms:play-services-auth:17.0.0] AndroidManifest.xml:25:13-46
98            android:exported="false"
98-->[com.google.android.gms:play-services-auth:17.0.0] AndroidManifest.xml:26:13-37
99            android:theme="@android:style/Theme.Translucent.NoTitleBar" />
99-->[com.google.android.gms:play-services-auth:17.0.0] AndroidManifest.xml:27:13-72
100        <!--
101            Service handling Google Sign-In user revocation. For apps that do not integrate with
102            Google Sign-In, this service will never be started.
103        -->
104        <service
104-->[com.google.android.gms:play-services-auth:17.0.0] AndroidManifest.xml:33:9-36:110
105            android:name="com.google.android.gms.auth.api.signin.RevocationBoundService"
105-->[com.google.android.gms:play-services-auth:17.0.0] AndroidManifest.xml:34:13-89
106            android:exported="true"
106-->[com.google.android.gms:play-services-auth:17.0.0] AndroidManifest.xml:35:13-36
107            android:permission="com.google.android.gms.auth.api.signin.permission.REVOCATION_NOTIFICATION" />
107-->[com.google.android.gms:play-services-auth:17.0.0] AndroidManifest.xml:36:13-107
108
109        <activity
109-->[com.google.android.gms:play-services-base:17.0.0] AndroidManifest.xml:23:9-26:75
110            android:name="com.google.android.gms.common.api.GoogleApiActivity"
110-->[com.google.android.gms:play-services-base:17.0.0] AndroidManifest.xml:24:13-79
111            android:exported="false"
111-->[com.google.android.gms:play-services-base:17.0.0] AndroidManifest.xml:25:13-37
112            android:theme="@android:style/Theme.Translucent.NoTitleBar" />
112-->[com.google.android.gms:play-services-base:17.0.0] AndroidManifest.xml:26:13-72
113
114        <meta-data
114-->[com.google.android.gms:play-services-basement:17.0.0] AndroidManifest.xml:23:9-25:69
115            android:name="com.google.android.gms.version"
115-->[com.google.android.gms:play-services-basement:17.0.0] AndroidManifest.xml:24:13-58
116            android:value="@integer/google_play_services_version" />
116-->[com.google.android.gms:play-services-basement:17.0.0] AndroidManifest.xml:25:13-66
117    </application>
118
119</manifest>